SF:lib\core\base\api_result.dart
DA:4,8
DA:9,8
DA:15,8
LF:3
LH:3
end_of_record
SF:lib\core\utils\Error\error_handler.dart
DA:6,8
DA:10,8
DA:12,0
DA:13,0
DA:14,0
DA:15,0
DA:16,0
DA:17,0
DA:18,0
DA:19,0
DA:20,0
DA:21,0
DA:22,0
DA:24,0
DA:25,0
DA:26,0
DA:28,0
DA:29,0
DA:30,0
DA:31,0
DA:32,0
DA:33,0
DA:38,0
DA:40,0
DA:41,0
DA:42,0
DA:43,0
DA:44,0
DA:47,0
DA:51,0
DA:55,0
DA:57,0
DA:58,0
DA:62,0
DA:64,0
DA:65,0
DA:69,0
DA:70,0
DA:71,0
DA:74,0
DA:76,0
DA:77,0
DA:80,0
DA:84,0
DA:86,0
DA:87,0
DA:91,0
DA:94,0
DA:95,0
DA:97,0
DA:98,0
DA:103,0
DA:104,0
LF:53
LH:2
end_of_record
SF:lib\features\auth\register\data\models\request\register_request.dart
DA:29,4
DA:43,0
DA:44,0
DA:46,0
DA:47,0
DA:50,0
LF:6
LH:1
end_of_record
SF:lib\features\auth\register\data\models\request\register_request.g.dart
DA:9,0
DA:10,0
DA:11,0
DA:12,0
DA:13,0
DA:14,0
DA:15,0
DA:16,0
DA:17,0
DA:18,0
DA:19,0
DA:20,0
DA:21,0
DA:24,0
DA:25,0
DA:26,0
DA:27,0
DA:28,0
DA:29,0
DA:30,0
DA:31,0
DA:32,0
DA:33,0
DA:34,0
DA:35,0
DA:36,0
LF:26
LH:0
end_of_record
SF:lib\features\auth\register\data\models\response\register_response.dart
DA:13,4
DA:15,0
DA:16,0
DA:18,0
DA:19,0
DA:22,0
DA:52,3
DA:67,0
DA:69,0
DA:70,0
DA:73,0
LF:11
LH:2
end_of_record
SF:lib\features\auth\register\data\models\response\register_response.g.dart
DA:9,0
DA:10,0
DA:11,0
DA:13,0
DA:15,0
DA:16,0
DA:19,0
DA:20,0
DA:21,0
DA:22,0
DA:23,0
DA:26,0
DA:27,0
DA:28,0
DA:29,0
DA:30,0
DA:31,0
DA:32,0
DA:33,0
DA:34,0
DA:35,0
DA:36,0
DA:37,0
DA:38,0
DA:41,0
DA:42,0
DA:43,0
DA:44,0
DA:45,0
DA:46,0
DA:47,0
DA:48,0
DA:49,0
DA:50,0
DA:51,0
DA:52,0
DA:53,0
LF:37
LH:0
end_of_record
SF:lib\features\auth\register\data\repos\register_repo_impl.dart
DA:12,1
DA:13,1
DA:17,2
LF:3
LH:3
end_of_record
SF:lib\core\api_manager\api_services.g.dart
DA:12,0
DA:13,0
DA:22,0
DA:24,0
DA:25,0
DA:26,0
DA:27,0
DA:28,0
DA:29,0
DA:30,0
DA:31,0
DA:32,0
DA:37,0
DA:39,0
DA:42,0
DA:44,0
DA:50,0
DA:52,0
DA:53,0
DA:54,0
DA:55,0
DA:56,0
DA:57,0
DA:58,0
DA:59,0
DA:60,0
DA:65,0
DA:67,0
DA:70,0
DA:72,0
DA:78,0
DA:80,0
DA:81,0
DA:82,0
DA:84,0
DA:85,0
DA:86,0
DA:87,0
DA:92,0
DA:94,0
DA:97,0
DA:99,0
DA:105,0
DA:107,0
DA:108,0
DA:109,0
DA:111,0
DA:112,0
DA:113,0
DA:114,0
DA:119,0
DA:121,0
DA:124,0
DA:126,0
DA:132,0
DA:133,0
DA:134,0
DA:135,0
DA:136,0
DA:137,0
DA:139,0
DA:145,0
DA:146,0
DA:150,0
DA:152,0
DA:153,0
DA:156,0
LF:67
LH:0
end_of_record
SF:lib\features\auth\login\data\model\login_request\login_request.dart
DA:10,0
DA:12,0
DA:13,0
DA:16,0
DA:18,0
DA:19,0
DA:20,0
DA:21,0
LF:8
LH:0
end_of_record
SF:lib\features\auth\login\data\model\login_request\login_request.g.dart
DA:9,0
DA:10,0
DA:11,0
DA:14,0
DA:15,0
LF:5
LH:0
end_of_record
SF:lib\features\auth\login\data\model\login_response\login_response.dart
DA:14,0
DA:16,0
DA:17,0
DA:20,0
DA:22,0
DA:23,0
DA:24,0
DA:25,0
DA:26,0
DA:30,0
DA:33,0
DA:34,0
DA:35,0
DA:38,0
DA:39,0
LF:15
LH:0
end_of_record
SF:lib\features\auth\login\data\model\login_response\login_response.g.dart
DA:9,0
DA:10,0
DA:11,0
DA:13,0
DA:15,0
DA:16,0
DA:19,0
DA:20,0
DA:21,0
DA:22,0
DA:23,0
LF:11
LH:0
end_of_record
SF:lib\features\food\data\models\food_categories_response.dart
DA:10,3
DA:12,0
DA:13,0
DA:15,0
DA:32,0
DA:39,0
DA:40,0
DA:42,0
LF:8
LH:1
end_of_record
SF:lib\features\food\data\models\food_categories_response.g.dart
DA:9,0
DA:11,0
DA:13,0
DA:14,0
DA:15,0
DA:18,0
DA:20,0
DA:22,0
DA:23,0
DA:24,0
DA:25,0
DA:26,0
DA:29,0
DA:30,0
DA:31,0
DA:32,0
DA:33,0
DA:34,0
LF:18
LH:0
end_of_record
SF:lib\features\food\data\models\meals_of_category_response.dart
DA:10,3
DA:12,0
DA:13,0
DA:15,0
DA:29,0
DA:31,0
DA:33,0
LF:7
LH:1
end_of_record
SF:lib\features\food\data\models\meals_of_category_response.g.dart
DA:9,0
DA:11,0
DA:13,0
DA:14,0
DA:15,0
DA:18,0
DA:20,0
DA:22,0
DA:23,0
DA:24,0
DA:25,0
DA:28,0
DA:29,0
DA:30,0
DA:31,0
LF:15
LH:0
end_of_record
SF:lib\core\base\api_excuter.dart
DA:5,2
DA:10,2
DA:11,2
DA:13,2
DA:14,0
DA:16,6
LF:6
LH:5
end_of_record
SF:lib\features\auth\login\data\model\login_response\user.dart
DA:22,0
DA:37,0
DA:39,0
DA:41,0
DA:55,0
DA:56,0
DA:57,0
DA:58,0
DA:59,0
DA:60,0
DA:61,0
DA:62,0
DA:63,0
DA:64,0
DA:65,0
DA:66,0
DA:67,0
DA:71,0
DA:74,0
DA:75,0
DA:76,0
DA:79,0
DA:81,0
DA:82,0
DA:83,0
DA:84,0
DA:85,0
DA:86,0
DA:87,0
DA:88,0
DA:89,0
DA:90,0
DA:91,0
DA:92,0
LF:34
LH:0
end_of_record
SF:lib\features\auth\login\data\model\login_response\user.g.dart
DA:9,0
DA:10,0
DA:11,0
DA:12,0
DA:13,0
DA:14,0
DA:15,0
DA:16,0
DA:17,0
DA:18,0
DA:19,0
DA:20,0
DA:22,0
DA:24,0
DA:27,0
DA:28,0
DA:29,0
DA:30,0
DA:31,0
DA:32,0
DA:33,0
DA:34,0
DA:35,0
DA:36,0
DA:37,0
DA:38,0
DA:39,0
LF:27
LH:0
end_of_record
SF:lib\features\auth\register\data\data_source\register_data_source_impl.dart
DA:12,1
DA:13,1
DA:17,1
DA:18,3
LF:4
LH:4
end_of_record
SF:lib\features\auth\register\presentation\screens\choose_age_screen.dart
DA:6,1
DA:7,1
LF:2
LH:2
end_of_record
SF:lib\l10n\app_localizations.dart
DA:65,4
DA:66,8
DA:70,3
DA:71,3
DA:404,7
DA:406,4
DA:408,8
DA:411,4
DA:413,12
DA:415,0
DA:419,4
DA:421,4
DA:422,4
DA:423,0
DA:424,4
DA:425,4
DA:428,0
LF:17
LH:14
end_of_record
SF:lib\core\utils\enums\activity_enum.dart
DA:8,1
DA:10,1
DA:12,1
DA:14,1
DA:16,1
DA:18,1
DA:21,0
DA:25,0
DA:26,0
LF:9
LH:6
end_of_record
SF:lib\core\utils\helper\extention.dart
DA:7,6
DA:11,6
DA:15,12
DA:16,0
DA:20,3
DA:24,0
DA:28,0
DA:32,0
LF:8
LH:4
end_of_record
SF:lib\core\utils\widgets\build_app_bar.dart
DA:3,2
DA:4,2
DA:6,2
DA:8,2
DA:9,0
DA:12,2
LF:6
LH:5
end_of_record
SF:lib\core\utils\widgets\custom_glass_container.dart
DA:7,2
DA:10,2
DA:12,2
DA:13,2
DA:14,2
DA:15,2
DA:16,2
DA:18,4
DA:19,2
LF:9
LH:9
end_of_record
SF:lib\features\auth\register\domain\use_cases\register_use_case.dart
DA:14,0
DA:15,0
DA:16,0
LF:3
LH:0
end_of_record
SF:lib\features\auth\register\presentation\screens\widgets\choose_age_screen_body.dart
DA:14,7
DA:16,1
DA:17,1
DA:21,1
DA:23,1
DA:25,1
DA:29,1
DA:31,1
DA:32,2
DA:33,4
DA:39,1
DA:41,1
DA:42,2
DA:43,1
DA:45,3
DA:49,1
DA:50,2
DA:51,1
DA:52,1
DA:54,1
DA:55,2
DA:56,3
DA:61,1
DA:65,0
DA:66,0
DA:68,0
DA:72,1
DA:74,1
DA:76,1
DA:77,0
DA:78,0
DA:80,0
DA:83,1
DA:84,2
DA:85,4
LF:35
LH:29
end_of_record
SF:lib\features\auth\register\presentation\screens\widgets\complete_registeration_app_bar_and_background_widget.dart
DA:7,12
DA:12,2
DA:14,2
DA:15,2
DA:16,2
DA:17,2
DA:19,2
DA:21,2
DA:22,2
DA:23,2
DA:26,2
LF:11
LH:11
end_of_record
SF:lib\features\auth\register\presentation\screens\widgets\circular_percent_indicator_widget.dart
DA:6,16
DA:14,4
DA:16,4
DA:17,4
DA:20,12
DA:21,4
DA:22,12
DA:23,16
LF:8
LH:8
end_of_record
SF:lib\features\auth\register\presentation\screens\widgets\number_picker_widget.dart
DA:7,1
DA:18,1
DA:19,1
DA:24,1
DA:26,3
DA:27,1
DA:30,1
DA:32,1
DA:33,1
DA:34,1
DA:35,3
DA:40,3
DA:45,1
DA:46,2
DA:47,2
DA:49,0
DA:50,0
DA:51,0
DA:52,0
LF:19
LH:15
end_of_record
SF:lib\features\auth\register\presentation\view_model\cubit\register_state.dart
DA:4,9
DA:6,1
DA:7,1
DA:14,1
DA:15,1
DA:16,2
DA:20,8
DA:21,1
DA:22,2
LF:9
LH:9
end_of_record
SF:lib\features\auth\register\presentation\view_model\cubit\register_cubit.dart
DA:16,6
DA:27,0
DA:29,1
DA:31,1
DA:32,1
DA:37,1
DA:38,2
DA:39,3
DA:41,1
DA:42,1
DA:43,1
DA:44,2
DA:47,1
DA:48,3
DA:50,0
DA:56,0
DA:57,0
DA:58,0
DA:59,0
DA:60,0
DA:61,0
DA:62,0
DA:70,1
LF:23
LH:14
end_of_record
SF:lib\l10n\app_localizations_ar.dart
DA:9,0
DA:11,0
DA:14,0
DA:17,0
DA:20,0
DA:23,0
DA:26,0
DA:29,0
DA:32,0
DA:35,0
DA:38,0
DA:41,0
DA:44,0
DA:47,0
DA:50,0
DA:54,0
DA:57,0
DA:60,0
DA:63,0
DA:66,0
DA:69,0
DA:72,0
DA:75,0
DA:78,0
DA:81,0
DA:84,0
DA:87,0
DA:90,0
DA:93,0
DA:96,0
DA:99,0
DA:102,0
DA:105,0
DA:108,0
DA:111,0
DA:114,0
DA:117,0
DA:120,0
DA:123,0
DA:126,0
DA:129,0
DA:132,0
DA:135,0
DA:138,0
DA:142,0
DA:145,0
DA:148,0
DA:152,0
DA:155,0
DA:158,0
DA:162,0
LF:51
LH:0
end_of_record
SF:lib\l10n\app_localizations_en.dart
DA:9,8
DA:11,0
DA:14,0
DA:17,1
DA:20,1
DA:23,1
DA:26,1
DA:29,1
DA:32,0
DA:35,1
DA:38,1
DA:41,1
DA:44,1
DA:47,1
DA:50,1
DA:54,0
DA:57,0
DA:60,0
DA:63,1
DA:66,0
DA:69,0
DA:72,1
DA:75,0
DA:78,1
DA:81,1
DA:84,1
DA:87,0
DA:90,0
DA:93,0
DA:96,0
DA:99,0
DA:102,0
DA:105,0
DA:108,1
DA:111,0
DA:114,0
DA:117,0
DA:120,0
DA:123,0
DA:126,0
DA:129,0
DA:132,0
DA:135,0
DA:138,0
DA:142,2
DA:145,0
DA:148,0
DA:152,0
DA:155,0
DA:158,0
DA:162,0
LF:51
LH:19
end_of_record
SF:lib\features\auth\register\presentation\screens\choose_gender_screen.dart
DA:6,1
DA:8,1
LF:2
LH:2
end_of_record
SF:lib\core\utils\helper_func\snack_bar.dart
DA:5,0
DA:6,0
DA:7,0
DA:10,0
DA:11,0
DA:12,0
DA:25,0
DA:26,0
DA:27,0
DA:30,0
DA:31,0
DA:32,0
LF:12
LH:0
end_of_record
SF:lib\features\auth\register\presentation\screens\widgets\choose_gender_screen_body.dart
DA:11,5
DA:13,1
DA:17,1
DA:19,1
DA:23,1
DA:25,1
DA:26,2
DA:27,4
DA:33,1
DA:35,1
DA:36,2
DA:37,1
DA:39,3
LF:13
LH:13
end_of_record
SF:lib\features\auth\register\presentation\screens\widgets\choose_gender_container.dart
DA:18,5
DA:20,1
DA:21,1
DA:26,1
DA:29,2
DA:31,1
DA:33,1
DA:34,1
DA:36,2
DA:38,3
DA:39,0
DA:40,0
DA:43,0
DA:46,1
DA:48,2
DA:50,3
DA:51,0
DA:52,0
DA:53,0
DA:55,0
DA:56,0
DA:60,1
DA:62,1
DA:63,1
DA:65,1
DA:69,0
DA:70,0
DA:71,0
DA:73,0
DA:76,1
DA:77,2
DA:78,1
DA:80,3
LF:33
LH:21
end_of_record
SF:lib\features\auth\register\presentation\screens\widgets\gender_widget.dart
DA:5,1
DA:11,1
DA:13,1
DA:14,1
DA:15,1
DA:16,1
DA:17,1
DA:18,1
DA:20,1
DA:21,1
DA:23,1
DA:25,1
DA:27,1
DA:28,2
DA:29,1
DA:30,1
DA:31,4
LF:17
LH:17
end_of_record
SF:lib\features\auth\register\presentation\views\actvities_screen.dart
DA:16,1
DA:18,1
DA:19,1
DA:25,1
DA:27,1
DA:28,1
DA:29,1
DA:31,1
DA:32,1
DA:34,1
DA:35,1
DA:37,1
DA:38,1
DA:39,1
DA:40,1
DA:42,1
DA:44,5
DA:45,1
DA:48,5
DA:50,5
DA:51,1
DA:53,3
DA:58,1
DA:60,3
DA:65,5
DA:66,1
DA:67,1
DA:68,1
DA:69,1
DA:71,4
DA:73,1
DA:74,1
DA:75,1
DA:77,1
DA:78,1
DA:79,1
DA:80,1
DA:81,1
DA:83,1
DA:84,0
DA:85,0
DA:86,0
DA:90,5
DA:91,1
DA:92,1
DA:94,1
DA:95,0
DA:96,0
DA:97,0
DA:101,5
DA:102,1
DA:103,1
DA:105,1
DA:106,0
DA:107,0
DA:108,0
DA:112,5
DA:113,1
DA:114,1
DA:116,1
DA:117,0
DA:118,0
DA:119,0
DA:123,5
DA:124,1
DA:125,1
DA:127,1
DA:128,0
DA:129,0
DA:130,0
DA:134,1
DA:135,0
DA:136,0
DA:137,0
DA:138,0
DA:140,0
DA:141,0
DA:144,1
DA:145,0
DA:146,0
DA:147,0
DA:148,0
DA:150,0
DA:151,0
DA:152,0
DA:153,0
DA:154,0
DA:155,0
DA:156,0
DA:157,0
DA:158,0
DA:159,0
DA:160,0
DA:161,0
DA:164,0
DA:165,0
LF:96
LH:57
end_of_record
SF:lib\core\utils\theme\app_text_style.dart
DA:5,2
DA:6,6
LF:2
LH:2
end_of_record
SF:lib\features\auth\register\presentation\widgets\blur_background.dart
DA:9,4
DA:16,1
DA:18,1
DA:19,1
DA:20,3
DA:21,1
DA:22,1
DA:23,3
DA:24,2
DA:27,1
DA:28,3
LF:11
LH:11
end_of_record
SF:lib\features\auth\register\presentation\widgets\item_option.dart
DA:10,2
DA:18,2
DA:20,2
DA:23,2
DA:24,2
DA:27,2
DA:28,8
DA:30,2
DA:32,2
DA:33,2
DA:34,2
DA:35,6
DA:40,2
DA:41,2
DA:42,2
DA:44,2
LF:16
LH:16
end_of_record
SF:lib\features\auth\register\presentation\widgets\register_indicator.dart
DA:10,0
DA:19,0
DA:21,0
DA:22,0
DA:24,0
DA:25,0
DA:26,0
DA:27,0
DA:30,0
DA:31,0
DA:33,0
DA:38,0
LF:12
LH:0
end_of_record
SF:lib\features\auth\register\presentation\views\goals_screen.dart
DA:14,1
DA:16,1
DA:17,1
DA:22,1
DA:24,1
DA:25,1
DA:26,1
DA:27,1
DA:28,1
DA:33,1
DA:34,1
DA:35,1
DA:36,1
DA:39,2
DA:40,1
DA:41,1
DA:43,1
DA:44,1
DA:46,1
DA:47,1
DA:48,1
DA:49,1
DA:50,0
DA:51,0
DA:58,1
DA:59,4
DA:62,1
DA:66,5
DA:70,5
DA:72,1
DA:74,3
DA:81,1
DA:84,3
DA:90,5
DA:92,1
DA:93,1
DA:94,1
DA:95,1
DA:97,4
DA:99,1
DA:100,1
DA:101,1
DA:103,1
DA:104,1
DA:105,1
DA:106,1
DA:109,1
DA:110,0
DA:111,0
DA:112,0
DA:116,1
DA:118,4
DA:120,1
DA:123,1
DA:124,0
DA:125,0
DA:126,0
DA:130,1
DA:132,4
DA:134,1
DA:139,1
DA:140,0
DA:141,0
DA:142,0
DA:146,1
DA:148,4
DA:150,1
DA:153,1
DA:154,0
DA:155,0
DA:156,0
DA:160,1
DA:162,4
DA:164,1
DA:167,1
DA:168,0
DA:169,0
DA:170,0
DA:174,1
DA:176,4
DA:178,1
DA:179,0
DA:180,0
DA:181,0
DA:182,0
DA:184,1
DA:186,2
DA:187,1
LF:88
LH:67
end_of_record
SF:lib\features\food\data\data sources\food_data_source_imp.dart
DA:14,1
DA:16,1
DA:18,1
DA:19,3
DA:24,1
DA:28,1
DA:29,3
LF:7
LH:7
end_of_record
SF:lib\features\food\data\repos\food_repo_imp.dart
DA:12,1
DA:14,1
DA:16,2
DA:19,1
DA:23,2
LF:5
LH:5
end_of_record
SF:lib\features\auth\register\presentation\views\register_screen_body.dart
DA:15,2
DA:17,1
DA:19,1
DA:20,1
DA:21,1
DA:27,1
DA:29,1
DA:30,1
DA:33,1
DA:34,1
DA:35,1
DA:36,1
DA:37,3
DA:38,3
DA:40,1
DA:43,1
DA:45,1
DA:46,2
DA:47,3
DA:52,1
DA:53,1
DA:55,1
DA:56,2
DA:57,3
DA:62,1
DA:63,1
DA:64,1
DA:65,1
DA:67,2
DA:68,3
DA:72,1
DA:74,1
DA:75,1
DA:76,1
DA:78,1
DA:79,1
DA:80,1
DA:81,1
DA:84,0
DA:87,0
DA:91,1
DA:92,2
DA:93,3
DA:98,1
LF:44
LH:42
end_of_record
SF:lib\features\auth\register\presentation\views\register_sreen.dart
DA:9,1
DA:12,1
DA:14,0
DA:16,0
LF:4
LH:2
end_of_record
SF:lib\core\utils\helper\sized_box_helper.dart
DA:4,1
DA:5,1
DA:6,2
DA:9,0
DA:10,0
DA:11,0
LF:6
LH:3
end_of_record
SF:lib\core\utils\validator.dart
DA:2,1
DA:3,1
DA:6,2
DA:8,1
DA:15,1
DA:16,1
DA:23,0
DA:24,0
DA:31,0
DA:32,0
DA:34,0
DA:41,1
DA:42,1
DA:43,1
DA:45,1
DA:52,1
DA:53,1
DA:55,1
LF:18
LH:13
end_of_record
SF:lib\core\utils\widgets\shared_container.dart
DA:13,2
DA:15,1
DA:17,1
DA:20,3
DA:21,1
DA:22,1
DA:23,1
DA:26,1
DA:27,1
DA:28,3
LF:10
LH:10
end_of_record
SF:lib\features\auth\register\presentation\widgets\fields_section.dart
DA:11,1
DA:13,1
DA:14,1
DA:19,1
DA:21,1
DA:22,2
DA:23,1
DA:24,1
DA:25,1
DA:27,2
DA:28,2
DA:29,1
DA:30,2
DA:31,1
DA:40,1
DA:41,1
DA:43,2
DA:44,2
DA:45,1
DA:46,2
DA:47,1
DA:56,1
DA:57,1
DA:59,2
DA:60,2
DA:61,1
DA:62,2
DA:63,1
DA:72,1
DA:73,1
DA:75,2
DA:76,2
DA:77,1
DA:78,1
DA:79,2
DA:80,1
DA:81,0
DA:82,0
DA:83,0
DA:85,1
DA:87,1
DA:96,1
DA:97,1
DA:100,2
DA:102,3
DA:104,2
DA:105,1
DA:106,1
DA:107,1
DA:108,0
DA:109,0
DA:110,0
DA:112,1
DA:114,2
DA:115,1
LF:55
LH:49
end_of_record
SF:lib\features\auth\register\presentation\widgets\already_have_account_section.dart
DA:7,1
DA:9,1
DA:11,2
DA:13,1
DA:15,1
DA:16,1
DA:17,2
DA:18,2
DA:20,1
DA:21,0
DA:22,0
DA:24,1
DA:25,2
DA:26,2
LF:14
LH:12
end_of_record
SF:lib\features\food\domain\usecases\get_food_categories_usecase.dart
DA:10,1
DA:12,1
DA:13,2
LF:3
LH:3
end_of_record
SF:lib\features\food\domain\usecases\get_meals_of_category_usecase.dart
DA:10,1
DA:12,1
DA:13,2
LF:3
LH:3
end_of_record
SF:lib\features\food\presentation\view\widgets\food.dart
DA:12,1
DA:14,1
DA:15,1
DA:19,1
DA:21,1
DA:22,2
DA:25,0
DA:27,0
DA:28,0
DA:29,0
DA:30,0
DA:34,0
DA:35,0
DA:40,0
DA:41,0
DA:42,0
DA:44,0
DA:45,0
DA:47,0
DA:48,0
DA:50,0
DA:52,0
DA:54,0
DA:55,0
DA:56,0
DA:57,0
DA:80,0
DA:82,0
DA:84,0
DA:92,0
DA:93,0
DA:97,0
DA:98,0
DA:99,0
DA:101,0
DA:102,0
DA:103,0
DA:110,0
DA:115,0
DA:116,0
DA:119,0
DA:120,0
DA:121,0
DA:124,0
DA:130,0
DA:131,0
DA:132,0
DA:133,0
DA:134,0
DA:153,0
DA:155,0
DA:156,0
DA:160,0
DA:162,0
DA:163,0
DA:164,0
DA:168,0
DA:170,0
DA:171,0
DA:172,0
DA:174,0
DA:175,0
DA:176,0
DA:178,0
DA:184,0
DA:185,0
DA:186,0
DA:187,0
DA:188,0
DA:192,0
DA:193,0
DA:194,0
DA:208,0
DA:210,0
DA:212,0
DA:213,0
DA:214,0
DA:215,0
DA:216,0
DA:217,0
DA:226,0
DA:230,0
DA:232,0
DA:234,0
DA:235,0
DA:239,0
LF:86
LH:6
end_of_record
SF:lib\features\food\presentation\view model\food_cubit.dart
DA:14,0
DA:15,0
DA:17,0
DA:19,0
DA:20,0
DA:22,0
DA:23,0
DA:28,0
DA:29,0
DA:30,0
DA:32,0
DA:33,0
DA:35,0
DA:36,0
DA:39,0
DA:43,0
DA:44,0
DA:45,0
DA:47,0
DA:48,0
DA:50,0
DA:51,0
DA:54,0
DA:65,0
LF:24
LH:0
end_of_record
SF:lib\features\food\presentation\view model\food_status.dart
DA:6,1
DA:8,0
DA:9,0
DA:18,0
DA:20,0
DA:21,0
DA:26,0
DA:28,0
DA:29,0
DA:34,1
DA:36,0
DA:37,0
LF:12
LH:2
end_of_record
SF:lib\features\home\presentation\views\home_view.dart
DA:4,2
DA:6,2
DA:8,2
LF:3
LH:3
end_of_record
SF:lib\features\layOut\lay_out.dart
DA:9,2
DA:11,2
DA:12,2
DA:25,2
DA:26,4
DA:27,2
DA:31,2
DA:32,2
DA:33,2
DA:35,4
DA:41,2
DA:43,2
DA:45,2
DA:46,2
DA:47,6
DA:48,2
DA:49,2
DA:51,2
DA:52,2
DA:54,4
DA:56,2
DA:58,2
DA:59,2
DA:60,2
DA:64,2
DA:65,2
DA:66,2
DA:67,2
DA:68,2
DA:69,2
DA:70,2
LF:31
LH:31
end_of_record
SF:lib\features\profile\profile_view.dart
DA:4,2
DA:6,2
DA:8,2
LF:3
LH:3
end_of_record
SF:lib\features\smartCoach\smart_coach_view.dart
DA:4,2
DA:6,2
DA:8,2
LF:3
LH:3
end_of_record
SF:lib\features\workOuts\work_outs_view.dart
DA:4,2
DA:6,2
DA:8,2
LF:3
LH:3
end_of_record
